<?xml version="1.0" encoding="UTF-8"?>
<testsuites name="jest tests" tests="1" failures="1" time="0.35">
  <testsuite name="Cache" errors="0" failures="1" skipped="0" timestamp="2020-04-01T13:41:52" time="0.312" tests="1">
    <testcase classname="Cache Sets and retrieves an object in the cache" name="Cache Sets and retrieves an object in the cache" time="0.008">
      <failure>Error: Redis connection to redis:6379 failed - getaddrinfo ENOTFOUND redis
    at GetAddrInfoReqWrap.onlookup [as oncomplete] (dns.js:64:26)</failure>
    </testcase>
  </testsuite>
</testsuites>